<?xml version="1.0" encoding="UTF-8"?>
<testsuite xmlns:xsi="http://www.w3.org/2001/XMLSchema-instance" xsi:noNamespaceSchemaLocation="https://maven.apache.org/surefire/maven-surefire-plugin/xsd/surefire-test-report-3.0.xsd" version="3.0" name="com.ecommerce.PagamentoServiceTest" time="0.324" tests="10" errors="0" skipped="0" failures="0">
  <properties>
[...]
</properties>
  <testcase name="testObterPorIdNaoEncontrado" classname="com.ecommerce.PagamentoServiceTest" time="0.295"/>
  <testcase name="testCriar" classname="com.ecommerce.PagamentoServiceTest" time="0.004"/>
  <testcase name="testListarComPaginacao" classname="com.ecommerce.PagamentoServiceTest" time="0.003"/>
  <testcase name="testCriarPedidoNaoEncontrado" classname="com.ecommerce.PagamentoServiceTest" time="0.002"/>
  <testcase name="testObterPorId" classname="com.ecommerce.PagamentoServiceTest" time="0.001"/>
  <testcase name="testAtualizar" classname="com.ecommerce.PagamentoServiceTest" time="0.003"/>
  <testcase name="testDeletar" classname="com.ecommerce.PagamentoServiceTest" time="0.002"/>
  <testcase name="testListarTodos" classname="com.ecommerce.PagamentoServiceTest" time="0.002"/>
  <testcase name="testDeletarNaoEncontrado" classname="com.ecommerce.PagamentoServiceTest" time="0.002"/>
  <testcase name="testAtualizarStatus" classname="com.ecommerce.PagamentoServiceTest" time="0.002"/>
</testsuite>