<?xml version="1.0" encoding="UTF-8"?>
<testsuite xmlns:xsi="http://www.w3.org/2001/XMLSchema-instance" xsi:noNamespaceSchemaLocation="https://maven.apache.org/surefire/maven-surefire-plugin/xsd/surefire-test-report-3.0.xsd" version="3.0" name="com.ecommerce.ProdutoControllerTest" time="1.514" tests="9" errors="0" skipped="0" failures="0">
  <properties>
[...]
</properties>
  <testcase name="testSemAutenticacao" classname="com.ecommerce.ProdutoControllerTest" time="0.011">
    <system-out><![CDATA[2026-08-04 12:06:15 [main] INFO  o.s.t.c.s.AnnotationConfigContextLoaderUtils - Could not detect default configuration classes for test class [com.ecommerce.ProdutoControllerTest]: ProdutoControllerTest does not declare any static, non-private, non-final, nested classes annotated with @Configuration.
2026-08-04 12:06:15 [main] INFO  o.s.b.t.c.SpringBootTestContextBootstrapper - Found @SpringBootConfiguration com.ecommerce.Application for test class com.ecommerce.ProdutoControllerTest
2026-08-04 12:06:15 [main] INFO  o.s.b.d.r.RestartApplicationListener - Restart disabled due to context in which it is running

  .   ____          _            __ _ _
 /\\ / ___'_ __ _ _(_)_ __  __ _ \ \ \ \
( ( )\___ | '_ | '_| | '_ \/ _` | \ \ \ \
 \\/  ___)| |_)| | | | | || (_| |  ) ) ) )
  '  |____| .__|_| |_|_| |_\__, | / / / /
 =========|_|==============|___/=/_/_/_/

 :: Spring Boot ::               (v3.5.16)

2026-08-04 12:06:15 [main] INFO  com.ecommerce.ProdutoControllerTest - Starting ProdutoControllerTest using Java 25.0.2 with PID 28976 (started by PabloBezerradaSilva in C:\Users\PabloBezerradaSilva\Documents\Java\fourcamp26-pablosilva\ecommerce-api)
2026-08-04 12:06:15 [main] DEBUG com.ecommerce.ProdutoControllerTest - Running with Spring Boot v3.5.16, Spring v6.2.19
2026-08-04 12:06:15 [main] INFO  com.ecommerce.ProdutoControllerTest - No active profile set, falling back to 1 default profile: "default"
2026-08-04 12:06:15 [main] DEBUG o.s.w.c.s.GenericWebApplicationContext - Refreshing org.springframework.web.context.support.GenericWebApplicationContext@2b88613c
2026-08-04 12:06:16 [main] INFO  o.s.d.r.c.RepositoryConfigurationDelegate - Bootstrapping Spring Data JPA repositories in DEFAULT mode.
2026-08-04 12:06:16 [main] INFO  o.s.d.r.c.RepositoryConfigurationDelegate - Finished Spring Data repository scanning in 45 ms. Found 6 JPA repository interfaces.
2026-08-04 12:06:16 [main] INFO  o.h.jpa.internal.util.LogHelper - HHH000204: Processing PersistenceUnitInfo [name: default]
2026-08-04 12:06:16 [main] INFO  o.h.c.i.RegionFactoryInitiator - HHH000026: Second-level cache disabled
2026-08-04 12:06:16 [main] INFO  o.s.o.j.p.SpringPersistenceUnitInfo - No LoadTimeWeaver setup: ignoring JPA class transformer
2026-08-04 12:06:16 [main] INFO  com.zaxxer.hikari.HikariDataSource - HikariPool-6 - Starting...
2026-08-04 12:06:16 [main] INFO  com.zaxxer.hikari.pool.HikariPool - HikariPool-6 - Added connection conn50: url=jdbc:h2:mem:ecommercedb user=SA
2026-08-04 12:06:16 [main] INFO  com.zaxxer.hikari.HikariDataSource - HikariPool-6 - Start completed.
2026-08-04 12:06:16 [main] WARN  org.hibernate.orm.deprecation - HHH90000025: H2Dialect does not need to be specified explicitly using 'hibernate.dialect' (remove the property setting and it will be selected by default)
2026-08-04 12:06:16 [main] INFO  o.hibernate.orm.connections.pooling - HHH10001005: Database info:
	Database JDBC URL [Connecting through datasource 'HikariDataSource (HikariPool-6)']
	Database driver: undefined/unknown
	Database version: 2.3.232
	Autocommit mode: undefined/unknown
	Isolation level: undefined/unknown
	Minimum pool size: undefined/unknown
	Maximum pool size: undefined/unknown
2026-08-04 12:06:16 [main] INFO  o.h.e.t.j.p.i.JtaPlatformInitiator - HHH000489: No JTA platform available (set 'hibernate.transaction.jta.platform' to enable JTA platform integration)
2026-08-04 12:06:16 [main] DEBUG org.hibernate.SQL - 
    drop table if exists categorias cascade 
Hibernate: 
    drop table if exists categorias cascade 
2026-08-04 12:06:16 [main] DEBUG org.hibernate.SQL - 
    drop table if exists clientes cascade 
Hibernate: 
    drop table if exists clientes cascade 
2026-08-04 12:06:16 [main] DEBUG org.hibernate.SQL - 
    drop table if exists itens_pedido cascade 
Hibernate: 
    drop table if exists itens_pedido cascade 
2026-08-04 12:06:16 [main] DEBUG org.hibernate.SQL - 
    drop table if exists pagamentos cascade 
Hibernate: 
    drop table if exists pagamentos cascade 
2026-08-04 12:06:16 [main] DEBUG org.hibernate.SQL - 
    drop table if exists pedidos cascade 
Hibernate: 
    drop table if exists pedidos cascade 
2026-08-04 12:06:16 [main] DEBUG org.hibernate.SQL - 
    drop table if exists produtos cascade 
Hibernate: 
    drop table if exists produtos cascade 
2026-08-04 12:06:16 [main] DEBUG org.hibernate.SQL - 
    drop table if exists usuarios cascade 
Hibernate: 
    drop table if exists usuarios cascade 
2026-08-04 12:06:16 [main] DEBUG org.hibernate.SQL - 
    create table categorias (
        ativo boolean not null,
        id bigint generated by default as identity,
        nome varchar(100) not null,
        descricao TEXT,
        primary key (id)
    )
Hibernate: 
    create table categorias (
        ativo boolean not null,
        id bigint generated by default as identity,
        nome varchar(100) not null,
        descricao TEXT,
        primary key (id)
    )
2026-08-04 12:06:16 [main] DEBUG org.hibernate.SQL - 
    create table clientes (
        ativo boolean not null,
        data_atualizacao timestamp(6),
        data_criacao timestamp(6) not null,
        id bigint generated by default as identity,
        cpf varchar(11) not null unique,
        telefone varchar(20),
        email varchar(255) not null unique,
        endereco TEXT,
        nome varchar(255) not null,
        primary key (id)
    )
Hibernate: 
    create table clientes (
        ativo boolean not null,
        data_atualizacao timestamp(6),
        data_criacao timestamp(6) not null,
        id bigint generated by default as identity,
        cpf varchar(11) not null unique,
        telefone varchar(20),
        email varchar(255) not null unique,
        endereco TEXT,
        nome varchar(255) not null,
        primary key (id)
    )
2026-08-04 12:06:16 [main] DEBUG org.hibernate.SQL - 
    create table itens_pedido (
        preco_unitario numeric(10,2) not null,
        quantidade integer not null,
        id bigint generated by default as identity,
        pedido_id bigint not null,
        produto_id bigint not null,
        primary key (id)
    )
Hibernate: 
    create table itens_pedido (
        preco_unitario numeric(10,2) not null,
        quantidade integer not null,
        id bigint generated by default as identity,
        pedido_id bigint not null,
        produto_id bigint not null,
        primary key (id)
    )
2026-08-04 12:06:16 [main] DEBUG org.hibernate.SQL - 
    create table pagamentos (
        valor float(53) not null,
        data_criacao timestamp(6) not null,
        id bigint generated by default as identity,
        pedido_id bigint not null,
        metodo varchar(50) not null,
        status enum ('APROVADO','PENDENTE','RECUSADO','REEMBOLSADO') not null,
        primary key (id)
    )
Hibernate: 
    create table pagamentos (
        valor float(53) not null,
        data_criacao timestamp(6) not null,
        id bigint generated by default as identity,
        pedido_id bigint not null,
        metodo varchar(50) not null,
        status enum ('APROVADO','PENDENTE','RECUSADO','REEMBOLSADO') not null,
        primary key (id)
    )
2026-08-04 12:06:16 [main] DEBUG org.hibernate.SQL - 
    create table pedidos (
        total float(53) not null,
        cliente_id bigint not null,
        data_atualizacao timestamp(6),
        data_criacao timestamp(6) not null,
        id bigint generated by default as identity,
        status enum ('CANCELADO','CONFIRMADO','ENTREGUE','ENVIADO','PENDENTE') not null,
        primary key (id)
    )
Hibernate: 
    create table pedidos (
        total float(53) not null,
        cliente_id bigint not null,
        data_atualizacao timestamp(6),
        data_criacao timestamp(6) not null,
        id bigint generated by default as identity,
        status enum ('CANCELADO','CONFIRMADO','ENTREGUE','ENVIADO','PENDENTE') not null,
        primary key (id)
    )
2026-08-04 12:06:16 [main] DEBUG org.hibernate.SQL - 
    create table produtos (
        ativo boolean not null,
        estoque integer not null,
        preco numeric(38,2) not null,
        categoria_id bigint not null,
        id bigint generated by default as identity,
        descricao TEXT,
        nome varchar(255) not null,
        primary key (id)
    )
Hibernate: 
    create table produtos (
        ativo boolean not null,
        estoque integer not null,
        preco numeric(38,2) not null,
        categoria_id bigint not null,
        id bigint generated by default as identity,
        descricao TEXT,
        nome varchar(255) not null,
        primary key (id)
    )
2026-08-04 12:06:16 [main] DEBUG org.hibernate.SQL - 
    create table usuarios (
        ativo boolean not null,
        id bigint generated by default as identity,
        email varchar(255) not null unique,
        nome varchar(255) not null,
        senha varchar(255) not null,
        papel enum ('ADMIN','USER') not null,
        primary key (id)
    )
Hibernate: 
    create table usuarios (
        ativo boolean not null,
        id bigint generated by default as identity,
        email varchar(255) not null unique,
        nome varchar(255) not null,
        senha varchar(255) not null,
        papel enum ('ADMIN','USER') not null,
        primary key (id)
    )
2026-08-04 12:06:16 [main] DEBUG org.hibernate.SQL - 
    alter table if exists itens_pedido 
       add constraint FK42mycompce3b7yt3l6ukdwsxy 
       foreign key (pedido_id) 
       references pedidos
Hibernate: 
    alter table if exists itens_pedido 
       add constraint FK42mycompce3b7yt3l6ukdwsxy 
       foreign key (pedido_id) 
       references pedidos
2026-08-04 12:06:16 [main] DEBUG org.hibernate.SQL - 
    alter table if exists itens_pedido 
       add constraint FKxytdlekpdaobqphujy9bmuhl 
       foreign key (produto_id) 
       references produtos
Hibernate: 
    alter table if exists itens_pedido 
       add constraint FKxytdlekpdaobqphujy9bmuhl 
       foreign key (produto_id) 
       references produtos
2026-08-04 12:06:16 [main] DEBUG org.hibernate.SQL - 
    alter table if exists pagamentos 
       add constraint FKb0dh6865y8h4irwdrl4ici3kl 
       foreign key (pedido_id) 
       references pedidos
Hibernate: 
    alter table if exists pagamentos 
       add constraint FKb0dh6865y8h4irwdrl4ici3kl 
       foreign key (pedido_id) 
       references pedidos
2026-08-04 12:06:16 [main] DEBUG org.hibernate.SQL - 
    alter table if exists pedidos 
       add constraint FKg7202lk0hwxn04bmdl2thth5b 
       foreign key (cliente_id) 
       references clientes
Hibernate: 
    alter table if exists pedidos 
       add constraint FKg7202lk0hwxn04bmdl2thth5b 
       foreign key (cliente_id) 
       references clientes
2026-08-04 12:06:16 [main] DEBUG org.hibernate.SQL - 
    alter table if exists produtos 
       add constraint FK8rqw0ljwdaom34jr2t46bjtrn 
       foreign key (categoria_id) 
       references categorias
Hibernate: 
    alter table if exists produtos 
       add constraint FK8rqw0ljwdaom34jr2t46bjtrn 
       foreign key (categoria_id) 
       references categorias
2026-08-04 12:06:16 [main] INFO  o.s.o.j.LocalContainerEntityManagerFactoryBean - Initialized JPA EntityManagerFactory for persistence unit 'default'
2026-08-04 12:06:16 [main] DEBUG o.s.w.s.m.m.a.RequestMappingHandlerMapping - 45 mappings in 'requestMappingHandlerMapping'
2026-08-04 12:06:16 [main] DEBUG o.s.w.s.h.SimpleUrlHandlerMapping - Patterns [/h2-console] in 'viewControllerHandlerMapping'
2026-08-04 12:06:16 [main] DEBUG o.s.w.s.h.SimpleUrlHandlerMapping - Patterns [/webjars/**, /**, /swagger-ui/**, /swagger-ui/*swagger-initializer.js, /webjars/*swagger-ui/**, /webjars/*swagger-ui/*swagger-initializer.js, /webjars/*swagger-ui/5.32.2/*swagger-initializer.js] in 'resourceHandlerMapping'
2026-08-04 12:06:16 [main] DEBUG o.s.s.c.a.a.c.AuthenticationConfiguration$DefaultPasswordEncoderAuthenticationManagerBuilder - No authenticationProviders and no parentAuthenticationManager defined. Returning null.
2026-08-04 12:06:16 [main] DEBUG o.s.s.web.DefaultSecurityFilterChain - Will secure any request with filters: DisableEncodeUrlFilter, WebAsyncManagerIntegrationFilter, SecurityContextHolderFilter, HeaderWriterFilter, LogoutFilter, JwtAuthenticationFilter, RequestCacheAwareFilter, SecurityContextHolderAwareRequestFilter, AnonymousAuthenticationFilter, SessionManagementFilter, ExceptionTranslationFilter, AuthorizationFilter
2026-08-04 12:06:16 [main] DEBUG o.s.w.s.m.m.a.RequestMappingHandlerAdapter - ControllerAdvice beans: 0 @ModelAttribute, 0 @InitBinder, 1 RequestBodyAdvice, 1 ResponseBodyAdvice
2026-08-04 12:06:16 [main] DEBUG o.s.w.s.m.m.a.ExceptionHandlerExceptionResolver - ControllerAdvice beans: 2 @ExceptionHandler, 1 ResponseBodyAdvice
2026-08-04 12:06:16 [main] DEBUG c.e.a.s.JwtAuthenticationFilter - Filter 'jwtAuthenticationFilter' configured for use
2026-08-04 12:06:16 [main] INFO  o.s.b.t.m.w.SpringBootMockServletContext - Initializing Spring TestDispatcherServlet ''
2026-08-04 12:06:16 [main] INFO  o.s.t.w.s.TestDispatcherServlet - Initializing Servlet ''
2026-08-04 12:06:16 [main] INFO  o.s.t.w.s.TestDispatcherServlet - Completed initialization in 0 ms
2026-08-04 12:06:16 [main] INFO  com.ecommerce.ProdutoControllerTest - Started ProdutoControllerTest in 1.316 seconds (process running for 30.217)
2026-08-04 12:06:16 [main] WARN  o.s.c.events.SpringDocAppInitializer - SpringDoc /v3/api-docs endpoint is enabled by default. To disable it in production, set the property 'springdoc.api-docs.enabled=false'
2026-08-04 12:06:17 [main] DEBUG o.s.security.web.FilterChainProxy - Securing GET /produtos
2026-08-04 12:06:17 [main] DEBUG o.s.s.w.a.AnonymousAuthenticationFilter - Set SecurityContextHolder to anonymous SecurityContext
]]></system-out>
  </testcase>
  <testcase name="testObterPorIdNaoEncontrado" classname="com.ecommerce.ProdutoControllerTest" time="0.021">
    <system-out><![CDATA[2026-08-04 12:06:17 [main] DEBUG o.s.security.web.FilterChainProxy - Securing GET /produtos/999
2026-08-04 12:06:17 [main] DEBUG o.s.security.web.FilterChainProxy - Secured GET /produtos/999
2026-08-04 12:06:17 [main] DEBUG o.s.w.s.m.m.a.RequestMappingHandlerMapping - Mapped to com.ecommerce.api.controller.ProdutoController#obterPorId(Long)
2026-08-04 12:06:17 [main] INFO  c.e.api.controller.ProdutoController - GET /api/produtos/999
2026-08-04 12:06:17 [main] DEBUG o.s.w.s.m.m.a.ExceptionHandlerExceptionResolver - Using @ExceptionHandler com.ecommerce.api.exception.GlobalExceptionHandler#handleRecursoNaoEncontrado(RecursoNaoEncontradoException, WebRequest)
2026-08-04 12:06:17 [main] ERROR c.e.a.e.GlobalExceptionHandler - Recurso não encontrado: Produto nao encontrado com ID: 999
2026-08-04 12:06:17 [main] DEBUG o.s.w.s.m.m.a.HttpEntityMethodProcessor - Using 'application/json', given [*/*] and supported [application/json, application/*+json, application/yaml]
2026-08-04 12:06:17 [main] DEBUG o.s.w.s.m.m.a.HttpEntityMethodProcessor - Writing [ErrorResponse(timestamp=2026-08-04T12:06:17.018325700, status=404, erro=Recurso não encontrado, mens (truncated)...]
2026-08-04 12:06:17 [main] DEBUG o.s.w.s.m.m.a.ExceptionHandlerExceptionResolver - Resolved [com.ecommerce.api.exception.RecursoNaoEncontradoException: Produto nao encontrado com ID: 999]
]]></system-out>
  </testcase>
  <testcase name="testCriar" classname="com.ecommerce.ProdutoControllerTest" time="0.036">
    <system-out><![CDATA[2026-08-04 12:06:17 [main] DEBUG o.s.security.web.FilterChainProxy - Securing POST /produtos
2026-08-04 12:06:17 [main] DEBUG o.s.security.web.FilterChainProxy - Secured POST /produtos
2026-08-04 12:06:17 [main] DEBUG o.s.w.s.m.m.a.RequestMappingHandlerMapping - Mapped to com.ecommerce.api.controller.ProdutoController#criar(ProdutoDTO)
2026-08-04 12:06:17 [main] DEBUG o.s.w.s.m.m.a.RequestResponseBodyMethodProcessor - Read "application/json;charset=UTF-8" to [ProdutoDTO(id=1, nome=Notebook Dell, descricao=Notebook 15 polegadas, preco=3500.00, estoque=10, cat (truncated)...]
2026-08-04 12:06:17 [main] INFO  c.e.api.controller.ProdutoController - POST /api/produtos - Criando produto: Notebook Dell
2026-08-04 12:06:17 [main] DEBUG o.s.w.s.m.m.a.HttpEntityMethodProcessor - Using 'application/json', given [*/*] and supported [application/json, application/*+json, application/yaml]
2026-08-04 12:06:17 [main] DEBUG o.s.w.s.m.m.a.HttpEntityMethodProcessor - Writing [ProdutoDTO(id=1, nome=Notebook Dell, descricao=Notebook 15 polegadas, preco=3500.00, estoque=10, cat (truncated)...]
]]></system-out>
  </testcase>
  <testcase name="testAumentarEstoque" classname="com.ecommerce.ProdutoControllerTest" time="0.014">
    <system-out><![CDATA[2026-08-04 12:06:17 [main] DEBUG o.s.security.web.FilterChainProxy - Securing PATCH /produtos/1/estoque/aumentar
2026-08-04 12:06:17 [main] DEBUG o.s.security.web.FilterChainProxy - Secured PATCH /produtos/1/estoque/aumentar
2026-08-04 12:06:17 [main] DEBUG o.s.w.s.m.m.a.RequestMappingHandlerMapping - Mapped to com.ecommerce.api.controller.ProdutoController#aumentarEstoque(Long, Integer)
2026-08-04 12:06:17 [main] INFO  c.e.api.controller.ProdutoController - PATCH /api/produtos/1/estoque/aumentar?quantidade=5
2026-08-04 12:06:17 [main] DEBUG o.s.w.s.m.m.a.HttpEntityMethodProcessor - Using 'application/json', given [*/*] and supported [application/json, application/*+json, application/yaml]
2026-08-04 12:06:17 [main] DEBUG o.s.w.s.m.m.a.HttpEntityMethodProcessor - Writing [15]
]]></system-out>
  </testcase>
  <testcase name="testDiminuirEstoque" classname="com.ecommerce.ProdutoControllerTest" time="0.014">
    <system-out><![CDATA[2026-08-04 12:06:17 [main] DEBUG o.s.security.web.FilterChainProxy - Securing PATCH /produtos/1/estoque/diminuir
2026-08-04 12:06:17 [main] DEBUG o.s.security.web.FilterChainProxy - Secured PATCH /produtos/1/estoque/diminuir
2026-08-04 12:06:17 [main] DEBUG o.s.w.s.m.m.a.RequestMappingHandlerMapping - Mapped to com.ecommerce.api.controller.ProdutoController#diminuirEstoque(Long, Integer)
2026-08-04 12:06:17 [main] INFO  c.e.api.controller.ProdutoController - PATCH /api/produtos/1/estoque/diminuir?quantidade=5
2026-08-04 12:06:17 [main] DEBUG o.s.w.s.m.m.a.HttpEntityMethodProcessor - Using 'application/json', given [*/*] and supported [application/json, application/*+json, application/yaml]
2026-08-04 12:06:17 [main] DEBUG o.s.w.s.m.m.a.HttpEntityMethodProcessor - Writing [5]
]]></system-out>
  </testcase>
  <testcase name="testObterPorId" classname="com.ecommerce.ProdutoControllerTest" time="0.017">
    <system-out><![CDATA[2026-08-04 12:06:17 [main] DEBUG o.s.security.web.FilterChainProxy - Securing GET /produtos/1
2026-08-04 12:06:17 [main] DEBUG o.s.security.web.FilterChainProxy - Secured GET /produtos/1
2026-08-04 12:06:17 [main] DEBUG o.s.w.s.m.m.a.RequestMappingHandlerMapping - Mapped to com.ecommerce.api.controller.ProdutoController#obterPorId(Long)
2026-08-04 12:06:17 [main] INFO  c.e.api.controller.ProdutoController - GET /api/produtos/1
2026-08-04 12:06:17 [main] DEBUG o.s.w.s.m.m.a.HttpEntityMethodProcessor - Using 'application/json', given [*/*] and supported [application/json, application/*+json, application/yaml]
2026-08-04 12:06:17 [main] DEBUG o.s.w.s.m.m.a.HttpEntityMethodProcessor - Writing [ProdutoDTO(id=1, nome=Notebook Dell, descricao=Notebook 15 polegadas, preco=3500.00, estoque=10, cat (truncated)...]
]]></system-out>
  </testcase>
  <testcase name="testAtualizar" classname="com.ecommerce.ProdutoControllerTest" time="0.017">
    <system-out><![CDATA[2026-08-04 12:06:17 [main] DEBUG o.s.security.web.FilterChainProxy - Securing PUT /produtos/1
2026-08-04 12:06:17 [main] DEBUG o.s.security.web.FilterChainProxy - Secured PUT /produtos/1
2026-08-04 12:06:17 [main] DEBUG o.s.w.s.m.m.a.RequestMappingHandlerMapping - Mapped to com.ecommerce.api.controller.ProdutoController#atualizar(Long, ProdutoDTO)
2026-08-04 12:06:17 [main] DEBUG o.s.w.s.m.m.a.RequestResponseBodyMethodProcessor - Read "application/json;charset=UTF-8" to [ProdutoDTO(id=1, nome=Notebook Dell, descricao=Notebook 15 polegadas, preco=3500.00, estoque=10, cat (truncated)...]
2026-08-04 12:06:17 [main] INFO  c.e.api.controller.ProdutoController - PUT /api/produtos/1 - Atualizando produto
2026-08-04 12:06:17 [main] DEBUG o.s.w.s.m.m.a.HttpEntityMethodProcessor - Using 'application/json', given [*/*] and supported [application/json, application/*+json, application/yaml]
2026-08-04 12:06:17 [main] DEBUG o.s.w.s.m.m.a.HttpEntityMethodProcessor - Writing [ProdutoDTO(id=1, nome=Notebook Dell, descricao=Notebook 15 polegadas, preco=3500.00, estoque=10, cat (truncated)...]
]]></system-out>
  </testcase>
  <testcase name="testDeletar" classname="com.ecommerce.ProdutoControllerTest" time="0.015">
    <system-out><![CDATA[2026-08-04 12:06:17 [main] DEBUG o.s.security.web.FilterChainProxy - Securing DELETE /produtos/1
2026-08-04 12:06:17 [main] DEBUG o.s.security.web.FilterChainProxy - Secured DELETE /produtos/1
2026-08-04 12:06:17 [main] DEBUG o.s.w.s.m.m.a.RequestMappingHandlerMapping - Mapped to com.ecommerce.api.controller.ProdutoController#deletar(Long)
2026-08-04 12:06:17 [main] INFO  c.e.api.controller.ProdutoController - DELETE /api/produtos/1
2026-08-04 12:06:17 [main] DEBUG o.s.w.s.m.m.a.HttpEntityMethodProcessor - Using 'application/json', given [*/*] and supported [application/json, application/*+json, application/yaml]
2026-08-04 12:06:17 [main] DEBUG o.s.w.s.m.m.a.HttpEntityMethodProcessor - Nothing to write: null body
]]></system-out>
  </testcase>
  <testcase name="testListarTodos" classname="com.ecommerce.ProdutoControllerTest" time="0.022">
    <system-out><![CDATA[2026-08-04 12:06:17 [main] DEBUG o.s.security.web.FilterChainProxy - Securing GET /produtos/todos
2026-08-04 12:06:17 [main] DEBUG o.s.security.web.FilterChainProxy - Secured GET /produtos/todos
2026-08-04 12:06:17 [main] DEBUG o.s.w.s.m.m.a.RequestMappingHandlerMapping - Mapped to com.ecommerce.api.controller.ProdutoController#listarTodos()
2026-08-04 12:06:17 [main] INFO  c.e.api.controller.ProdutoController - GET /api/produtos/todos
2026-08-04 12:06:17 [main] DEBUG o.s.w.s.m.m.a.HttpEntityMethodProcessor - Using 'application/json', given [*/*] and supported [application/json, application/*+json, application/yaml]
2026-08-04 12:06:17 [main] DEBUG o.s.w.s.m.m.a.HttpEntityMethodProcessor - Writing [[ProdutoDTO(id=1, nome=Notebook Dell, descricao=Notebook 15 polegadas, preco=3500.00, estoque=10, ca (truncated)...]
]]></system-out>
  </testcase>
</testsuite>